2020/06/04 11:33:26.628 [D]  GetData =  {0 123456   15533052683 0}
2020/06/04 11:33:26.663 [D]  验证密码时候从数据库中取出的数据为  {0 123456   15533052683 0}
2020/06/04 11:33:26.663 [D]  密码验证成功
2020/06/04 11:34:52.116 [D]  GetData =  {0 123456   15533052683 0}
2020/06/04 11:34:52.130 [D]  验证密码时候从数据库中取出的数据为  {0 123456   15533052683 0}
2020/06/04 11:34:52.130 [D]  密码验证成功
2020/06/04 11:43:53.743 [D]  GetData =  {0 123456   15533052683 0}
2020/06/04 11:43:53.790 [D]  验证密码时候从数据库中取出的数据为  {0 123456   15533052683 0}
2020/06/04 11:43:53.790 [D]  密码验证成功
2020/06/04 11:44:18.744 [I]  获得了session {85 123456 poison 19990827 15533052683 0}
2020/06/04 11:44:18.744 [D]  配置文件中是: 4095
2020/06/04 11:44:36.309 [I]  获得了session {85 123456 poison 19990827 15533052683 0}
2020/06/04 11:44:36.309 [D]  配置文件中是: 4095
2020/06/04 11:44:36.385 [D]  func: GetId tablename:  record
2020/06/04 11:44:36.434 [D]  func DeleteByTablename tablename: record
2020/06/04 22:56:51.940 [D]  GetData =  {0 123456   15533052683 0}
2020/06/04 22:56:51.971 [D]  验证密码时候从数据库中取出的数据为  {0 123456   15533052683 0}
2020/06/04 22:56:51.971 [D]  密码验证成功
2020/06/04 22:57:09.563 [D]  获取所有订单
2020/06/04 22:57:09.563 [I]  获得了session {85 123456 poison 19990827 15533052683 0}
2020/06/04 22:57:09.563 [D]  配置文件中是: 4095
2020/06/04 22:57:09.563 [D]  获取订单信息第 1 页
2020/06/04 22:57:09.578 [E]  Error 1064: You have an error in your SQL syntax; check the manual that corresponds to your MySQL server version for the right syntax to use near 'order by sum_price' at line 1
2020/06/04 22:57:53.628 [D]  获取所有订单
2020/06/04 22:57:53.628 [I]  获得了session {85 123456 poison 19990827 15533052683 0}
2020/06/04 22:57:53.628 [D]  配置文件中是: 4095
2020/06/04 22:57:53.628 [D]  获取订单信息第 1 页
2020/06/04 22:57:53.642 [E]  Error 1064: You have an error in your SQL syntax; check the manual that corresponds to your MySQL server version for the right syntax to use near 'order by sum_price' at line 1
2020/06/04 22:59:58.247 [D]  获取所有订单
2020/06/04 22:59:58.247 [I]  没有session
2020/06/04 23:00:01.693 [D]  GetData =  {0 123456   15533052683 0}
2020/06/04 23:00:01.739 [D]  验证密码时候从数据库中取出的数据为  {0 123456   15533052683 0}
2020/06/04 23:00:01.739 [D]  密码验证成功
2020/06/04 23:00:04.192 [D]  获取所有订单
2020/06/04 23:00:04.192 [I]  获得了session {85 123456 poison 19990827 15533052683 0}
2020/06/04 23:00:04.192 [D]  配置文件中是: 4095
2020/06/04 23:00:04.192 [D]  获取订单信息第 1 页
2020/06/04 23:00:04.214 [E]  Error 1064: You have an error in your SQL syntax; check the manual that corresponds to your MySQL server version for the right syntax to use near 'order by sum_price' at line 1
2020/06/04 23:00:56.614 [D]  获取所有订单
2020/06/04 23:00:56.614 [I]  没有session
2020/06/04 23:00:59.222 [D]  GetData =  {0 123456   15533052683 0}
2020/06/04 23:00:59.253 [D]  验证密码时候从数据库中取出的数据为  {0 123456   15533052683 0}
2020/06/04 23:00:59.253 [D]  密码验证成功
2020/06/04 23:01:02.839 [D]  获取所有订单
2020/06/04 23:01:02.839 [I]  获得了session {85 123456 poison 19990827 15533052683 0}
2020/06/04 23:01:02.839 [D]  配置文件中是: 4095
2020/06/04 23:01:02.839 [D]  获取订单信息第 1 页
2020/06/04 23:01:02.852 [E]  Error 1064: You have an error in your SQL syntax; check the manual that corresponds to your MySQL server version for the right syntax to use near 'order by sum_price' at line 1
2020/06/04 23:03:19.084 [D]  获取票房
2020/06/04 23:03:19.084 [I]  获得了session {85 123456 poison 19990827 15533052683 0}
2020/06/04 23:03:19.084 [D]  配置文件中是: 4095
2020/06/04 23:03:19.084 [D]  获取订单信息第 1 页
2020/06/04 23:03:19.178 [D]  统计票房时候查到的数据是 [{5 3940 钢铁侠} {6 90 复仇者联盟4} {16 225 唐人街探案}] 3
2020/06/04 23:03:37.223 [D]  获取所有订单
2020/06/04 23:03:37.223 [I]  获得了session {85 123456 poison 19990827 15533052683 0}
2020/06/04 23:03:37.223 [D]  配置文件中是: 4095
2020/06/04 23:03:37.223 [D]  获取订单信息第 1 页
2020/06/04 23:03:37.236 [E]  Error 1064: You have an error in your SQL syntax; check the manual that corresponds to your MySQL server version for the right syntax to use near 'order by sum_price' at line 1
2020/06/04 23:04:37.467 [D]  GetData =  {0 123456   15533052683 0}
2020/06/04 23:04:37.495 [D]  验证密码时候从数据库中取出的数据为  {0 123456   15533052683 0}
2020/06/04 23:04:37.495 [D]  密码验证成功
2020/06/04 23:04:42.572 [D]  获取所有订单
2020/06/04 23:04:42.572 [I]  获得了session {85 123456 poison 19990827 15533052683 0}
2020/06/04 23:04:42.572 [D]  配置文件中是: 4095
2020/06/04 23:04:42.572 [D]  获取订单信息第 1 页
2020/06/04 23:04:42.587 [E]  Error 1064: You have an error in your SQL syntax; check the manual that corresponds to your MySQL server version for the right syntax to use near 'order by sum_price desc' at line 1
2020/06/04 23:04:50.794 [D]  获取票房
2020/06/04 23:04:50.794 [I]  获得了session {85 123456 poison 19990827 15533052683 0}
2020/06/04 23:04:50.794 [D]  配置文件中是: 4095
2020/06/04 23:04:50.794 [D]  获取订单信息第 1 页
2020/06/04 23:04:50.809 [E]  Error 1064: You have an error in your SQL syntax; check the manual that corresponds to your MySQL server version for the right syntax to use near 'order by sum_price desc' at line 1
2020/06/04 23:06:00.908 [D]  GetData =  {0 123456   15533052683 0}
2020/06/04 23:06:00.936 [D]  验证密码时候从数据库中取出的数据为  {0 123456   15533052683 0}
2020/06/04 23:06:00.936 [D]  密码验证成功
2020/06/04 23:06:05.283 [D]  获取票房
2020/06/04 23:06:05.283 [I]  获得了session {85 123456 poison 19990827 15533052683 0}
2020/06/04 23:06:05.283 [D]  配置文件中是: 4095
2020/06/04 23:06:05.283 [D]  获取订单信息第 1 页
2020/06/04 23:06:05.298 [E]  Error 1064: You have an error in your SQL syntax; check the manual that corresponds to your MySQL server version for the right syntax to use near 'order by sum_price desc' at line 1
2020/06/04 23:06:12.075 [D]  获取所有订单
2020/06/04 23:06:12.075 [I]  获得了session {85 123456 poison 19990827 15533052683 0}
2020/06/04 23:06:12.075 [D]  配置文件中是: 4095
2020/06/04 23:06:12.075 [D]  获取订单信息第 1 页
2020/06/04 23:06:12.176 [D]  统计业绩时候查到的数据是 [{99 3940 售票员测试} {85 135 poison} {18 90 王五} {97 90 uzi}] 4
2020/06/04 23:07:51.912 [D]  GetData =  {0 123456   15533052683 0}
2020/06/04 23:07:51.956 [D]  验证密码时候从数据库中取出的数据为  {0 123456   15533052683 0}
2020/06/04 23:07:51.956 [D]  密码验证成功
2020/06/04 23:07:57.460 [D]  获取所有订单
2020/06/04 23:07:57.461 [I]  获得了session {85 123456 poison 19990827 15533052683 0}
2020/06/04 23:07:57.461 [D]  配置文件中是: 4095
2020/06/04 23:07:57.461 [D]  获取订单信息第 1 页
2020/06/04 23:07:57.616 [D]  统计业绩时候查到的数据是 [{99 3940 售票员测试} {85 135 poison} {18 90 王五} {97 90 uzi}] 4
2020/06/04 23:08:05.682 [D]  获取票房
2020/06/04 23:08:05.682 [I]  获得了session {85 123456 poison 19990827 15533052683 0}
2020/06/04 23:08:05.683 [D]  配置文件中是: 4095
2020/06/04 23:08:05.683 [D]  获取订单信息第 1 页
2020/06/04 23:08:05.819 [D]  统计票房时候查到的数据是 [{5 3940 钢铁侠} {16 225 唐人街探案} {6 90 复仇者联盟4}] 3
2020/06/05 06:39:08.842 [D]  GetData =  {0 123456   15533052683 0}
2020/06/05 06:39:08.885 [D]  验证密码时候从数据库中取出的数据为  {0 123456   15533052683 0}
2020/06/05 06:39:08.885 [D]  密码验证成功
2020/06/05 06:39:45.068 [I]  获得了session {85 123456 poison 19990827 15533052683 0}
2020/06/05 06:39:45.068 [D]  配置文件中是: 4095
2020/06/05 06:40:46.640 [I]  获得了session {85 123456 poison 19990827 15533052683 0}
2020/06/05 06:40:46.641 [D]  配置文件中是: 4095
2020/06/05 06:42:21.816 [D]  GetData =  {0 123456   15533052683 0}
2020/06/05 06:42:21.889 [D]  验证密码时候从数据库中取出的数据为  {0 123456   15533052683 0}
2020/06/05 06:42:21.889 [D]  密码验证成功
2020/06/05 06:42:24.934 [I]  获得了session {85 123456 poison 19990827 15533052683 0}
2020/06/05 06:42:24.934 [D]  配置文件中是: 4095
